<?xml version="1.0" encoding="UTF-8"?>
<!-- Generated by org.testng.reporters.JUnitXMLReporter -->
<testsuite hostname="User-PC" ignored="0" name="Default test" tests="10" failures="0" timestamp="09 Oct 2019 13:24:41 GMT" time="0.094" errors="0">
  <testcase name="runFT" time="0.016" classname="testng.Grouping"/>
  <testcase name="runIT1" time="0.0" classname="testng.Grouping"/>
  <testcase name="runIT2" time="0.0" classname="testng.Grouping"/>
  <testcase name="runITandST" time="0.0" classname="testng.Grouping"/>
  <testcase name="runITorST" time="0.0" classname="testng.Grouping"/>
  <testcase name="runRT" time="0.0" classname="testng.Grouping"/>
  <testcase name="runST" time="0.0" classname="testng.Grouping"/>
  <testcase name="runSTandRT" time="0.0" classname="testng.Grouping"/>
  <testcase name="runSmoke1" time="0.0" classname="testng.Grouping"/>
  <testcase name="runSmoke2" time="0.016" classname="testng.Grouping"/>
</testsuite> <!-- Default test -->
