<?xml version="1.0" encoding="UTF-8"?>
<!-- Generated by org.testng.reporters.JUnitXMLReporter -->
<testsuite hostname="User-PC" ignored="4" name="Test" tests="8" failures="0" timestamp="10 Oct 2019 10:19:38 GMT" time="0.085" errors="0">
  <testcase name="register" time="0.016" classname="testng.Customer"/>
  <testcase name="runIT1" time="0.001" classname="testng.Grouping"/>
  <testcase name="runIT2" time="0.005" classname="testng.Grouping"/>
  <testcase name="runRT" time="0.002" classname="testng.Grouping"/>
  <testcase name="runST" time="0.001" classname="testng.Grouping"/>
  <testcase name="runSTandRT" time="0.001" classname="testng.Grouping"/>
  <testcase name="runSmoke1" time="0.001" classname="testng.Grouping"/>
  <testcase name="runSmoke2" time="0.004" classname="testng.Grouping"/>
  <testcase name="runFT" time="0.0" classname="testng.Grouping">
    <ignored/>
  </testcase> <!-- runFT -->
  <testcase name="runITorST" time="0.0" classname="testng.Grouping">
    <ignored/>
  </testcase> <!-- runITorST -->
  <testcase name="runITandST" time="0.0" classname="testng.Grouping">
    <ignored/>
  </testcase> <!-- runITandST -->
  <testcase name="delete" time="0.0" classname="testng.Customer">
    <ignored/>
  </testcase> <!-- delete -->
</testsuite> <!-- Test -->
